{
  "RSpec": {
    "coverage": {
      "/home/legacy-cookie-7702/tic-tac-toe-rb-online-web-sp-000/lib/tic_tac_toe.rb": [
        null,
        1,
        null,
        null,
        null,
        null,
        null,
        null,
        null,
        null,
        null,
        1,
        25,
        25,
        25,
        25,
        25,
        null,
        null,
        1,
        24,
        null,
        null,
        1,
        23,
        null,
        null,
        1,
        328,
        106,
        222,
        null,
        null,
        null,
        1,
        24,
        21,
        3,
        null,
        null,
        null,
        1,
        21,
        21,
        21,
        21,
        20,
        20,
        null,
        1,
        null,
        null,
        null,
        1,
        270,
        27,
        null,
        null,
        1,
        26,
        null,
        null,
        1,
        44,
        300,
        null,
        null,
        null,
        1,
        37,
        28,
        null,
        9,
        null,
        null,
        null,
        1,
        24,
        null,
        null,
        1,
        22,
        null,
        null,
        1,
        3,
        null,
        null,
        2,
        null,
        null,
        null,
        1,
        12,
        18,
        null,
        12,
        5,
        7,
        3,
        null,
        null,
        null
      ]
    },
    "timestamp": 1560495776
  }
}
