{
  "RSpec": {
    "coverage": {
      "/home/legacy-cookie-7702/tic-tac-toe-rb-online-web-sp-000/lib/tic_tac_toe.rb": [
        null,
        1,
        null,
        null,
        null,
        null,
        null,
        null,
        null,
        null,
        null,
        1,
        25,
        25,
        25,
        25,
        25,
        null,
        null,
        1,
        24,
        null,
        null,
        1,
        23,
        null,
        null,
        1,
        354,
        110,
        244,
        null,
        null,
        null,
        1,
        24,
        21,
        3,
        null,
        null,
        null,
        1,
        21,
        21,
        21,
        21,
        20,
        20,
        null,
        1,
        null,
        null,
        null,
        1,
        220,
        22,
        null,
        null,
        1,
        21,
        null,
        null,
        1,
        52,
        326,
        null,
        null,
        null,
        1,
        37,
        28,
        null,
        9,
        null,
        null,
        null,
        1,
        24,
        null,
        null,
        1,
        22,
        null,
        null,
        1,
        7,
        null,
        null,
        6,
        null,
        null,
        null,
        1,
        12,
        18,
        null,
        12,
        5,
        7,
        3,
        null,
        null,
        null
      ]
    },
    "timestamp": 1560507043
  }
}
